1	: C 2	: started
2	: C 1	: started
3	: C 1	: waiting : 0 : 0
4	: A 3	: started
5	: A 3	: enter
6	: C 1	: enter
7	: C 1	: trying to leave
8	: C 1	: leave
9	: A 2	: started
10	: A 2	: enter
11	: A 2	: trying to leave
12	: A 2	: leave
13	: A 3	: trying to leave
14	: A 3	: leave
15	: C 2	: waiting : 0 : 0
16	: A 1	: started
17	: A 1	: enter
18	: A 1	: trying to leave
19	: A 1	: leave
20	: C 2	: enter
21	: C 2	: trying to leave
22	: C 2	: leave
23	: C 1	: finished
24	: A 2	: finished
25	: A 3	: finished
26	: C 2	: finished
27	: A 1	: finished
