1	: C 1	: started
3	: C 1	: waiting : 0 : 0
2	: C 5	: started
4	: A 1	: started
7	: A 1	: enter
5	: C 5	: waiting : 0 : 0
6	: A 2	: started
8	: A 1	: trying to leave
11	: C 4	: started
9	: C 1	: enter
14	: C 1	: trying to leave
15	: C 1	: leave
16	: C 2	: started
17	: C 2	: enter
18	: C 2	: trying to leave
19	: C 2	: leave
20	: A 2	: enter
21	: A 2	: trying to leave
22	: A 2	: leave
10	: C 5	: enter
23	: C 5	: trying to leave
24	: C 5	: leave
12	: A 1	: waiting : 1 : 2
25	: C 3	: started
26	: C 3	: enter
27	: C 3	: trying to leave
28	: C 3	: leave
13	: C 4	: enter
29	: C 4	: trying to leave
30	: C 4	: leave
31	: A 1	: leave
32	: A 1	: finished
33	: C 1	: finished
34	: A 2	: finished
35	: C 5	: finished
36	: C 3	: finished
37	: C 4	: finished
38	: C 2	: finished
